Using pre-set license
Built from '2020.3/release' branch; Version is '2020.3.12f1 (b3b2c6512326) revision 11776710'; Using compiler version '192528614'; Build Type 'Release'
OS: 'Windows 10 Home Single Language; OS build 19042.1165; Version 2009; 64bit' Language: 'es' Physical Memory: 11729 MB
BatchMode: 1, IsHumanControllingUs: 0, StartBugReporterOnCrash: 0, Is64bit: 1, IsPro: 0

 COMMAND LINE ARGUMENTS:
C:\Program Files\Unity\Hub\Editor\2020.3.12f1\Editor\Unity.exe
-adb2
-batchMode
-noUpm
-name
AssetImportWorker0
-projectPath
C:/Users/Remp/Desktop/Unity/FP_John_Lemon
-logFile
Logs/AssetImportWorker0.log
-srvPort
54467
Successfully changed project path to: C:/Users/Remp/Desktop/Unity/FP_John_Lemon
C:/Users/Remp/Desktop/Unity/FP_John_Lemon
Using Asset Import Pipeline V2.
Refreshing native plugins compatible for Editor in 281.27 ms, found 2 plugins.
Preloading 0 native plugins for Editor in 0.00 ms.
Initialize engine version: 2020.3.12f1 (b3b2c6512326)
[Subsystems] Discovering subsystems at path C:/Program Files/Unity/Hub/Editor/2020.3.12f1/Editor/Data/Resources/UnitySubsystems
[Subsystems] Discovering subsystems at path C:/Users/Remp/Desktop/Unity/FP_John_Lemon/Assets
GfxDevice: creating device client; threaded=0
Direct3D:
    Version:  Direct3D 11.0 [level 11.1]
    Renderer: AMD Radeon(TM) R5 Graphics (ID=0x98e4)
    Vendor:   
    VRAM:     500 MB
    Driver:   16.101.1701.1001
Initialize mono
Mono path[0] = 'C:/Program Files/Unity/Hub/Editor/2020.3.12f1/Editor/Data/Managed'
Mono path[1] = 'C:/Program Files/Unity/Hub/Editor/2020.3.12f1/Editor/Data/MonoBleedingEdge/lib/mono/unityjit'
Mono config path = 'C:/Program Files/Unity/Hub/Editor/2020.3.12f1/Editor/Data/MonoBleedingEdge/etc'
Using monoOptions --debugger-agent=transport=dt_socket,embedding=1,server=y,suspend=n,address=127.0.0.1:56592
Begin MonoManager ReloadAssembly
Registering precompiled unity dll's ...
Register platform support module: C:/Program Files/Unity/Hub/Editor/2020.3.12f1/Editor/Data/PlaybackEngines/WindowsStandaloneSupport/UnityEditor.WindowsStandalone.Extensions.dll
Registered in 0.021523 seconds.
Native extension for WindowsStandalone target not found
Refreshing native plugins compatible for Editor in 141.36 ms, found 2 plugins.
Preloading 0 native plugins for Editor in 0.00 ms.
Mono: successfully reloaded assembly
- Completed reload, in  6.147 seconds
Platform modules already initialized, skipping
Registering precompiled user dll's ...
Registered in 0.022588 seconds.
Begin MonoManager ReloadAssembly
Native extension for WindowsStandalone target not found
Refreshing native plugins compatible for Editor in 1.36 ms, found 2 plugins.
Preloading 0 native plugins for Editor in 0.00 ms.
Mono: successfully reloaded assembly
- Completed reload, in  4.310 seconds
Platform modules already initialized, skipping
========================================================================
Worker process is ready to serve import requests
Launched and connected shader compiler UnityShaderCompiler.exe after 0.20 seconds
Refreshing native plugins compatible for Editor in 1.17 ms, found 2 plugins.
Preloading 0 native plugins for Editor in 0.00 ms.
Unloading 1895 Unused Serialized files (Serialized files now loaded: 0)
System memory in use before: 171.4 MB.
System memory in use after: 171.5 MB.

Unloading 44 unused Assets to reduce memory usage. Loaded Objects now: 2335.
Total: 6.492100 ms (FindLiveObjects: 0.525700 ms CreateObjectMapping: 0.183000 ms MarkObjects: 5.560800 ms  DeleteObjects: 0.218300 ms)

AssetImportParameters requested are different than current active one (requested -> active):
  custom:framework-win-MediaFoundation: 216162199b28c13a410421893ffa2e32 -> 
  custom:video-decoder-ogg-theora: a1e56fd34408186e4bbccfd4996cb3dc -> 
  custom:container-muxer-webm: aa71ff27fc2769a1b78a27578f13a17b -> 
  custom:container-demuxer-webm: 4f35f7cbe854078d1ac9338744f61a02 -> 
  custom:container-demuxer-ogg: 62fdf1f143b41e24485cea50d1cbac27 -> 
  custom:video-encoder-webm-vp8: eb34c28f22e8b96e1ab97ce403110664 -> 
  custom:video-decoder-webm-vp8: 9c59270c3fd7afecdb556c50c9e8de78 -> 
  custom:audio-decoder-ogg-vorbis: bf7c407c2cedff20999df2af8eb42d56 -> 
  custom:audio-encoder-webm-vorbis: bf7c407c2cedff20999df2af8eb42d56 -> 
========================================================================
Received Import Request.
  path: ProjectSettings/TagManager.asset
  artifactKey: Guid(00000000000000003000000000000000) Importer(815301076,1909f56bfc062723c751e8b465ee728b)
Start importing ProjectSettings/TagManager.asset using Guid(00000000000000003000000000000000) Importer(815301076,1909f56bfc062723c751e8b465ee728b)  -> (artifact id: '95df672b4aaba54310d34c83eef51bb8') in 0.207636 seconds 
  Import took 0.226640 seconds .

========================================================================
Received Import Request.
  Time since last request: 575.669220 seconds.
  path: Assets/Scenes/Main Scene_Profiles
  artifactKey: Guid(0f6154f87d683224f9a0ecf1463da646) Importer(815301076,1909f56bfc062723c751e8b465ee728b)
Start importing Assets/Scenes/Main Scene_Profiles using Guid(0f6154f87d683224f9a0ecf1463da646) Importer(815301076,1909f56bfc062723c751e8b465ee728b)  -> (artifact id: 'ab65c7d48edd9bd7f26f39138e2f78b2') in 0.067944 seconds 
  Import took 0.079223 seconds .

========================================================================
Received Import Request.
  Time since last request: 0.000386 seconds.
  path: Assets/Scenes/Main Scene_Profiles/GlobalPost Profile.asset
  artifactKey: Guid(98ccadc174746da489bb2afdaacc4483) Importer(815301076,1909f56bfc062723c751e8b465ee728b)
Start importing Assets/Scenes/Main Scene_Profiles/GlobalPost Profile.asset using Guid(98ccadc174746da489bb2afdaacc4483) Importer(815301076,1909f56bfc062723c751e8b465ee728b)  -> (artifact id: 'c051f0c8200c93cbb2292fde7b3d366d') in 0.073592 seconds 
  Import took 0.080685 seconds .

========================================================================
Received Import Request.
  Time since last request: 133.884778 seconds.
  path: Assets/Scenes/Main Scene_Profiles/GlobalPost Profile.asset
  artifactKey: Guid(98ccadc174746da489bb2afdaacc4483) Importer(815301076,1909f56bfc062723c751e8b465ee728b)
Start importing Assets/Scenes/Main Scene_Profiles/GlobalPost Profile.asset using Guid(98ccadc174746da489bb2afdaacc4483) Importer(815301076,1909f56bfc062723c751e8b465ee728b)  -> (artifact id: 'f7d5f8e48c26328f4de1d56fdd6e8413') in 0.052184 seconds 
  Import took 0.074760 seconds .

========================================================================
Received Import Request.
  Time since last request: 483.965921 seconds.
  path: Assets/Scenes/Main Scene_Profiles/GlobalPost Profile.asset
  artifactKey: Guid(98ccadc174746da489bb2afdaacc4483) Importer(815301076,1909f56bfc062723c751e8b465ee728b)
Start importing Assets/Scenes/Main Scene_Profiles/GlobalPost Profile.asset using Guid(98ccadc174746da489bb2afdaacc4483) Importer(815301076,1909f56bfc062723c751e8b465ee728b)  -> (artifact id: '176cd9d72de3694da27f37a074727843') in 0.022949 seconds 
  Import took 0.090785 seconds .

========================================================================
Received Import Request.
  Time since last request: 209.956492 seconds.
  path: Assets/Scenes/Main Scene_Profiles/GlobalPost Profile.asset
  artifactKey: Guid(98ccadc174746da489bb2afdaacc4483) Importer(815301076,1909f56bfc062723c751e8b465ee728b)
Start importing Assets/Scenes/Main Scene_Profiles/GlobalPost Profile.asset using Guid(98ccadc174746da489bb2afdaacc4483) Importer(815301076,1909f56bfc062723c751e8b465ee728b)  -> (artifact id: '35ddc05a720462b72739eb837fb33f1d') in 0.043675 seconds 
  Import took 0.060980 seconds .

========================================================================
Received Import Request.
  Time since last request: 344.862045 seconds.
  path: Assets/Scenes/Main Scene_Profiles/GlobalPost Profile.asset
  artifactKey: Guid(98ccadc174746da489bb2afdaacc4483) Importer(815301076,1909f56bfc062723c751e8b465ee728b)
Start importing Assets/Scenes/Main Scene_Profiles/GlobalPost Profile.asset using Guid(98ccadc174746da489bb2afdaacc4483) Importer(815301076,1909f56bfc062723c751e8b465ee728b)  -> (artifact id: '02a08a605ba2b87a0ca4a5e33fa88e8a') in 0.042224 seconds 
  Import took 0.067864 seconds .

========================================================================
Received Prepare
Registering precompiled user dll's ...
Registered in 0.070564 seconds.
Begin MonoManager ReloadAssembly
Native extension for WindowsStandalone target not found
Refreshing native plugins compatible for Editor in 1.11 ms, found 2 plugins.
Preloading 0 native plugins for Editor in 0.00 ms.
Mono: successfully reloaded assembly
- Completed reload, in  4.718 seconds
Platform modules already initialized, skipping
Refreshing native plugins compatible for Editor in 1.16 ms, found 2 plugins.
Preloading 0 native plugins for Editor in 0.00 ms.
Unloading 1857 Unused Serialized files (Serialized files now loaded: 0)
System memory in use before: 168.4 MB.
System memory in use after: 168.5 MB.

Unloading 37 unused Assets to reduce memory usage. Loaded Objects now: 2338.
Total: 5.928900 ms (FindLiveObjects: 0.465800 ms CreateObjectMapping: 0.131100 ms MarkObjects: 5.184700 ms  DeleteObjects: 0.144500 ms)

AssetImportParameters requested are different than current active one (requested -> active):
  custom:framework-win-MediaFoundation: 216162199b28c13a410421893ffa2e32 -> 
  custom:video-decoder-ogg-theora: a1e56fd34408186e4bbccfd4996cb3dc -> 
  custom:container-muxer-webm: aa71ff27fc2769a1b78a27578f13a17b -> 
  custom:container-demuxer-webm: 4f35f7cbe854078d1ac9338744f61a02 -> 
  custom:container-demuxer-ogg: 62fdf1f143b41e24485cea50d1cbac27 -> 
  custom:video-encoder-webm-vp8: eb34c28f22e8b96e1ab97ce403110664 -> 
  custom:video-decoder-webm-vp8: 9c59270c3fd7afecdb556c50c9e8de78 -> 
  custom:audio-decoder-ogg-vorbis: bf7c407c2cedff20999df2af8eb42d56 -> 
  custom:audio-encoder-webm-vorbis: bf7c407c2cedff20999df2af8eb42d56 -> 
========================================================================
Received Import Request.
  Time since last request: 297.822516 seconds.
  path: Assets/Scenes/Main Scene_Profiles/GlobalPost Profile.asset
  artifactKey: Guid(98ccadc174746da489bb2afdaacc4483) Importer(815301076,1909f56bfc062723c751e8b465ee728b)
Start importing Assets/Scenes/Main Scene_Profiles/GlobalPost Profile.asset using Guid(98ccadc174746da489bb2afdaacc4483) Importer(815301076,1909f56bfc062723c751e8b465ee728b)  -> (artifact id: 'b6b2475fad230ced41a7ad73e7c9dc96') in 0.080390 seconds 
  Import took 0.086271 seconds .

