Using pre-set license
Built from '2020.3/release' branch; Version is '2020.3.12f1 (b3b2c6512326) revision 11776710'; Using compiler version '192528614'; Build Type 'Release'
OS: 'Windows 10 Home Single Language; OS build 19042.1165; Version 2009; 64bit' Language: 'es' Physical Memory: 11729 MB
BatchMode: 1, IsHumanControllingUs: 0, StartBugReporterOnCrash: 0, Is64bit: 1, IsPro: 0

 COMMAND LINE ARGUMENTS:
C:\Program Files\Unity\Hub\Editor\2020.3.12f1\Editor\Unity.exe
-adb2
-batchMode
-noUpm
-name
AssetImportWorker2
-projectPath
C:/Users/Remp/Desktop/Unity/05_QuickClick
-logFile
Logs/AssetImportWorker2.log
-srvPort
57677
Successfully changed project path to: C:/Users/Remp/Desktop/Unity/05_QuickClick
C:/Users/Remp/Desktop/Unity/05_QuickClick
Using Asset Import Pipeline V2.
Refreshing native plugins compatible for Editor in 818.15 ms, found 2 plugins.
Preloading 0 native plugins for Editor in 0.00 ms.
Initialize engine version: 2020.3.12f1 (b3b2c6512326)
[Subsystems] Discovering subsystems at path C:/Program Files/Unity/Hub/Editor/2020.3.12f1/Editor/Data/Resources/UnitySubsystems
[Subsystems] Discovering subsystems at path C:/Users/Remp/Desktop/Unity/05_QuickClick/Assets
GfxDevice: creating device client; threaded=0
Direct3D:
    Version:  Direct3D 11.0 [level 11.1]
    Renderer: AMD Radeon(TM) R5 Graphics (ID=0x98e4)
    Vendor:   
    VRAM:     500 MB
    Driver:   16.101.1701.1001
Initialize mono
Mono path[0] = 'C:/Program Files/Unity/Hub/Editor/2020.3.12f1/Editor/Data/Managed'
Mono path[1] = 'C:/Program Files/Unity/Hub/Editor/2020.3.12f1/Editor/Data/MonoBleedingEdge/lib/mono/unityjit'
Mono config path = 'C:/Program Files/Unity/Hub/Editor/2020.3.12f1/Editor/Data/MonoBleedingEdge/etc'
Using monoOptions --debugger-agent=transport=dt_socket,embedding=1,server=y,suspend=n,address=127.0.0.1:56900
Begin MonoManager ReloadAssembly
Registering precompiled unity dll's ...
Register platform support module: C:/Program Files/Unity/Hub/Editor/2020.3.12f1/Editor/Data/PlaybackEngines/WindowsStandaloneSupport/UnityEditor.WindowsStandalone.Extensions.dll
Registered in 0.006754 seconds.
Native extension for WindowsStandalone target not found
Refreshing native plugins compatible for Editor in 100.83 ms, found 2 plugins.
Preloading 0 native plugins for Editor in 0.00 ms.
Mono: successfully reloaded assembly
- Completed reload, in 13.920 seconds
Platform modules already initialized, skipping
Registering precompiled user dll's ...
Registered in 0.015922 seconds.
Begin MonoManager ReloadAssembly
Native extension for WindowsStandalone target not found
Refreshing native plugins compatible for Editor in 0.68 ms, found 2 plugins.
Preloading 0 native plugins for Editor in 0.00 ms.
Mono: successfully reloaded assembly
- Completed reload, in  2.613 seconds
Platform modules already initialized, skipping
========================================================================
Worker process is ready to serve import requests
Launched and connected shader compiler UnityShaderCompiler.exe after 0.18 seconds
Refreshing native plugins compatible for Editor in 0.80 ms, found 2 plugins.
Preloading 0 native plugins for Editor in 0.00 ms.
Unloading 1442 Unused Serialized files (Serialized files now loaded: 0)
System memory in use before: 68.4 MB.
System memory in use after: 68.4 MB.

Unloading 19 unused Assets to reduce memory usage. Loaded Objects now: 1876.
Total: 7.636500 ms (FindLiveObjects: 0.418900 ms CreateObjectMapping: 0.141300 ms MarkObjects: 6.854700 ms  DeleteObjects: 0.218500 ms)

AssetImportParameters requested are different than current active one (requested -> active):
  custom:framework-win-MediaFoundation: 216162199b28c13a410421893ffa2e32 -> 
  custom:video-decoder-ogg-theora: a1e56fd34408186e4bbccfd4996cb3dc -> 
  custom:container-muxer-webm: aa71ff27fc2769a1b78a27578f13a17b -> 
  custom:container-demuxer-webm: 4f35f7cbe854078d1ac9338744f61a02 -> 
  custom:container-demuxer-ogg: 62fdf1f143b41e24485cea50d1cbac27 -> 
  custom:video-encoder-webm-vp8: eb34c28f22e8b96e1ab97ce403110664 -> 
  custom:video-decoder-webm-vp8: 9c59270c3fd7afecdb556c50c9e8de78 -> 
  custom:audio-decoder-ogg-vorbis: bf7c407c2cedff20999df2af8eb42d56 -> 
  custom:audio-encoder-webm-vorbis: bf7c407c2cedff20999df2af8eb42d56 -> 
========================================================================
Received Import Request.
  path: Assets/Scenes/Prototype 5.unity
  artifactKey: Guid(84729eeda748340d0955715b6a50b370) Importer(815301076,1909f56bfc062723c751e8b465ee728b)
Start importing Assets/Scenes/Prototype 5.unity using Guid(84729eeda748340d0955715b6a50b370) Importer(815301076,1909f56bfc062723c751e8b465ee728b)  -> (artifact id: '5522b4796d7a323f32db92dc9e4986ff') in 0.066022 seconds 
  Import took 0.073335 seconds .

========================================================================
Received Import Request.
  Time since last request: 0.000580 seconds.
  path: Assets/Scenes
  artifactKey: Guid(06a48b2fa03a3044ebe00880d36b7307) Importer(815301076,1909f56bfc062723c751e8b465ee728b)
Start importing Assets/Scenes using Guid(06a48b2fa03a3044ebe00880d36b7307) Importer(815301076,1909f56bfc062723c751e8b465ee728b)  -> (artifact id: 'c948a05ed76a2b58db49e4f6f14b2290') in 0.062460 seconds 
  Import took 0.067776 seconds .

========================================================================
Received Import Request.
  Time since last request: 2.890242 seconds.
  path: Assets/Prefabs/Bad1.prefab
  artifactKey: Guid(776f7450e211a24488b283ffcf4e49f8) Importer(815301076,1909f56bfc062723c751e8b465ee728b)
Start importing Assets/Prefabs/Bad1.prefab using Guid(776f7450e211a24488b283ffcf4e49f8) Importer(815301076,1909f56bfc062723c751e8b465ee728b)  -> (artifact id: 'f2260d775034d9acb57d787c1c7abf71') in 0.752263 seconds 
  Import took 0.758085 seconds .

========================================================================
Received Import Request.
  Time since last request: 0.000876 seconds.
  path: Assets/Prefabs/Food3.prefab
  artifactKey: Guid(c92fcf2450ade0c46a4b7c6def1af715) Importer(815301076,1909f56bfc062723c751e8b465ee728b)
Start importing Assets/Prefabs/Food3.prefab using Guid(c92fcf2450ade0c46a4b7c6def1af715) Importer(815301076,1909f56bfc062723c751e8b465ee728b)  -> (artifact id: 'c6197b08b9b8146e2483dca302bf6f7f') in 0.105549 seconds 
  Import took 0.286912 seconds .

========================================================================
Received Import Request.
  Time since last request: 0.000542 seconds.
  path: Assets/Prefabs/Food1.prefab
  artifactKey: Guid(ef20d5745285358428da981f0075e44d) Importer(815301076,1909f56bfc062723c751e8b465ee728b)
Start importing Assets/Prefabs/Food1.prefab using Guid(ef20d5745285358428da981f0075e44d) Importer(815301076,1909f56bfc062723c751e8b465ee728b)  -> (artifact id: 'c5ec8a73e4b928595d085034dd9edfbb') in 2.145830 seconds 
  Import took 2.231481 seconds .

========================================================================
Received Import Request.
  Time since last request: 0.000559 seconds.
  path: Assets/Prefabs/Food2.prefab
  artifactKey: Guid(c0a7d0abbdef0ab4eafcdb01c979663b) Importer(815301076,1909f56bfc062723c751e8b465ee728b)
Start importing Assets/Prefabs/Food2.prefab using Guid(c0a7d0abbdef0ab4eafcdb01c979663b) Importer(815301076,1909f56bfc062723c751e8b465ee728b)  -> (artifact id: '709f07e3e693ecd452641f6f58636729') in 0.070889 seconds 
  Import took 0.076020 seconds .

========================================================================
Received Import Request.
  Time since last request: 5.795678 seconds.
  path: ProjectSettings/TagManager.asset
  artifactKey: Guid(00000000000000003000000000000000) Importer(815301076,1909f56bfc062723c751e8b465ee728b)
Start importing ProjectSettings/TagManager.asset using Guid(00000000000000003000000000000000) Importer(815301076,1909f56bfc062723c751e8b465ee728b)  -> (artifact id: 'ce6a35c3cddc746e7501c0bd0ed6d4ce') in 0.036142 seconds 
  Import took 0.047481 seconds .

========================================================================
Received Import Request.
  Time since last request: 0.000706 seconds.
  path: ProjectSettings/TagManager.asset
  artifactKey: Guid(00000000000000003000000000000000) Importer(815301076,1909f56bfc062723c751e8b465ee728b)
Start importing ProjectSettings/TagManager.asset using Guid(00000000000000003000000000000000) Importer(815301076,1909f56bfc062723c751e8b465ee728b)  -> (artifact id: 'ce6a35c3cddc746e7501c0bd0ed6d4ce') in 0.059830 seconds 
  Import took 0.065989 seconds .

========================================================================
Received Prepare
Refreshing native plugins compatible for Editor in 9.93 ms, found 2 plugins.
Preloading 0 native plugins for Editor in 0.00 ms.
Unloading 12 Unused Serialized files (Serialized files now loaded: 0)
System memory in use before: 42.4 MB.
System memory in use after: 42.5 MB.

Unloading 14 unused Assets to reduce memory usage. Loaded Objects now: 1884.
Total: 5.375700 ms (FindLiveObjects: 0.491400 ms CreateObjectMapping: 0.125300 ms MarkObjects: 4.540000 ms  DeleteObjects: 0.215500 ms)

AssetImportParameters requested are different than current active one (requested -> active):
  custom:framework-win-MediaFoundation: 216162199b28c13a410421893ffa2e32 -> 
  custom:video-decoder-ogg-theora: a1e56fd34408186e4bbccfd4996cb3dc -> 
  custom:container-muxer-webm: aa71ff27fc2769a1b78a27578f13a17b -> 
  custom:container-demuxer-webm: 4f35f7cbe854078d1ac9338744f61a02 -> 
  custom:container-demuxer-ogg: 62fdf1f143b41e24485cea50d1cbac27 -> 
  custom:video-encoder-webm-vp8: eb34c28f22e8b96e1ab97ce403110664 -> 
  custom:video-decoder-webm-vp8: 9c59270c3fd7afecdb556c50c9e8de78 -> 
  custom:audio-decoder-ogg-vorbis: bf7c407c2cedff20999df2af8eb42d56 -> 
  custom:audio-encoder-webm-vorbis: bf7c407c2cedff20999df2af8eb42d56 -> 
========================================================================
Received Import Request.
  Time since last request: 17.726572 seconds.
  path: Assets/Prefabs/Food3.prefab
  artifactKey: Guid(c92fcf2450ade0c46a4b7c6def1af715) Importer(815301076,1909f56bfc062723c751e8b465ee728b)
Start importing Assets/Prefabs/Food3.prefab using Guid(c92fcf2450ade0c46a4b7c6def1af715) Importer(815301076,1909f56bfc062723c751e8b465ee728b)  -> (artifact id: 'e1f04d92bd003a69752b81f9d21a2eda') in 0.040675 seconds 
  Import took 0.046272 seconds .

========================================================================
Received Import Request.
  Time since last request: 0.000447 seconds.
  path: Assets/Prefabs/Food1.prefab
  artifactKey: Guid(ef20d5745285358428da981f0075e44d) Importer(815301076,1909f56bfc062723c751e8b465ee728b)
Start importing Assets/Prefabs/Food1.prefab using Guid(ef20d5745285358428da981f0075e44d) Importer(815301076,1909f56bfc062723c751e8b465ee728b)  -> (artifact id: '23cb2e58a725df65ce6ef18f33abea27') in 0.085125 seconds 
  Import took 0.090882 seconds .

========================================================================
Received Import Request.
  Time since last request: 0.000133 seconds.
  path: Assets/Prefabs/Bad1.prefab
  artifactKey: Guid(776f7450e211a24488b283ffcf4e49f8) Importer(815301076,1909f56bfc062723c751e8b465ee728b)
Start importing Assets/Prefabs/Bad1.prefab using Guid(776f7450e211a24488b283ffcf4e49f8) Importer(815301076,1909f56bfc062723c751e8b465ee728b)  -> (artifact id: '8b6a15bb3d43f17227eebf12ea595491') in 0.090801 seconds 
  Import took 0.102030 seconds .

========================================================================
Received Import Request.
  Time since last request: 0.000522 seconds.
  path: Assets/Prefabs/Food2.prefab
  artifactKey: Guid(c0a7d0abbdef0ab4eafcdb01c979663b) Importer(815301076,1909f56bfc062723c751e8b465ee728b)
Start importing Assets/Prefabs/Food2.prefab using Guid(c0a7d0abbdef0ab4eafcdb01c979663b) Importer(815301076,1909f56bfc062723c751e8b465ee728b)  -> (artifact id: 'b60152b7ef9bdd3e44259755e1782d00') in 0.108443 seconds 
  Import took 0.118749 seconds .

========================================================================
Received Import Request.
  Time since last request: 14.807203 seconds.
  path: Assets/Materials/BadColor.mat
  artifactKey: Guid(2dd6564590ac97b409e4e8aaf365882c) Importer(815301076,1909f56bfc062723c751e8b465ee728b)
Start importing Assets/Materials/BadColor.mat using Guid(2dd6564590ac97b409e4e8aaf365882c) Importer(815301076,1909f56bfc062723c751e8b465ee728b)  -> (artifact id: 'b8632093ae0331451b96b52fbb84000e') in 0.136342 seconds 
  Import took 0.141819 seconds .

========================================================================
Received Import Request.
  Time since last request: 0.000356 seconds.
  path: Assets/Materials/red-heart.png
  artifactKey: Guid(cacbd098812adf94db3fca2fd26b0661) Importer(815301076,1909f56bfc062723c751e8b465ee728b)
Start importing Assets/Materials/red-heart.png using Guid(cacbd098812adf94db3fca2fd26b0661) Importer(815301076,1909f56bfc062723c751e8b465ee728b)  -> (artifact id: '7150ad51fe4c06fa87f487199e195c65') in 0.164422 seconds 
  Import took 0.168707 seconds .

========================================================================
Received Import Request.
  Time since last request: 0.000357 seconds.
  path: Assets/Materials/sword.png
  artifactKey: Guid(4ecec35e404d1c64f90fc7f9a726187f) Importer(815301076,1909f56bfc062723c751e8b465ee728b)
Start importing Assets/Materials/sword.png using Guid(4ecec35e404d1c64f90fc7f9a726187f) Importer(815301076,1909f56bfc062723c751e8b465ee728b)  -> (artifact id: '70239fc38e5482c1b90bb1c42a25c898') in 0.067826 seconds 
  Import took 0.072659 seconds .

========================================================================
Received Prepare
Registering precompiled user dll's ...
Registered in 0.009427 seconds.
Begin MonoManager ReloadAssembly
Native extension for WindowsStandalone target not found
Refreshing native plugins compatible for Editor in 0.70 ms, found 2 plugins.
Preloading 0 native plugins for Editor in 0.00 ms.
Mono: successfully reloaded assembly
- Completed reload, in  2.373 seconds
Platform modules already initialized, skipping
Refreshing native plugins compatible for Editor in 1.57 ms, found 2 plugins.
Preloading 0 native plugins for Editor in 0.00 ms.
Unloading 1423 Unused Serialized files (Serialized files now loaded: 0)
System memory in use before: 70.3 MB.
System memory in use after: 70.4 MB.

Unloading 14 unused Assets to reduce memory usage. Loaded Objects now: 1922.
Total: 6.643500 ms (FindLiveObjects: 0.377000 ms CreateObjectMapping: 0.088500 ms MarkObjects: 6.048700 ms  DeleteObjects: 0.125900 ms)

AssetImportParameters requested are different than current active one (requested -> active):
  custom:framework-win-MediaFoundation: 216162199b28c13a410421893ffa2e32 -> 
  custom:video-decoder-ogg-theora: a1e56fd34408186e4bbccfd4996cb3dc -> 
  custom:container-muxer-webm: aa71ff27fc2769a1b78a27578f13a17b -> 
  custom:container-demuxer-webm: 4f35f7cbe854078d1ac9338744f61a02 -> 
  custom:container-demuxer-ogg: 62fdf1f143b41e24485cea50d1cbac27 -> 
  custom:video-encoder-webm-vp8: eb34c28f22e8b96e1ab97ce403110664 -> 
  custom:video-decoder-webm-vp8: 9c59270c3fd7afecdb556c50c9e8de78 -> 
  custom:audio-decoder-ogg-vorbis: bf7c407c2cedff20999df2af8eb42d56 -> 
  custom:audio-encoder-webm-vorbis: bf7c407c2cedff20999df2af8eb42d56 -> 
========================================================================
Received Import Request.
  Time since last request: 89.665149 seconds.
  path: Assets/Fonts/Penguin-Regular.ttf
  artifactKey: Guid(70fca98c46522b647ae08aa1b4692504) Importer(815301076,1909f56bfc062723c751e8b465ee728b)
Start importing Assets/Fonts/Penguin-Regular.ttf using Guid(70fca98c46522b647ae08aa1b4692504) Importer(815301076,1909f56bfc062723c751e8b465ee728b)  -> (artifact id: '75c534eabcd3b394c1d54bc9b50c8d2d') in 0.248643 seconds 
  Import took 0.254469 seconds .

========================================================================
Received Import Request.
  Time since last request: 0.000420 seconds.
  path: Assets/Fonts/Sketchzone.otf
  artifactKey: Guid(820f843b0ef682a4eb11fbba01e8fb4f) Importer(815301076,1909f56bfc062723c751e8b465ee728b)
Start importing Assets/Fonts/Sketchzone.otf using Guid(820f843b0ef682a4eb11fbba01e8fb4f) Importer(815301076,1909f56bfc062723c751e8b465ee728b)  -> (artifact id: '8185540ece7dbeefaaf8275e9ccae7a7') in 0.091602 seconds 
  Import took 0.103928 seconds .

AssetImportWorkerClient::OnTransportError - code=2 error=End of file
